[debug] [2021-06-25T15:27:27.145Z] ----------------------------------------------------------------------
[debug] [2021-06-25T15:27:27.146Z] Command:       /usr/bin/node /home/gleydson/.yarn/bin/firebase init
[debug] [2021-06-25T15:27:27.146Z] CLI Version:   9.14.0
[debug] [2021-06-25T15:27:27.146Z] Platform:      linux
[debug] [2021-06-25T15:27:27.146Z] Node Version:  v14.17.1
[debug] [2021-06-25T15:27:27.147Z] Time:          Fri Jun 25 2021 12:27:27 GMT-0300 (Brasilia Standard Time)
[debug] [2021-06-25T15:27:27.147Z] ----------------------------------------------------------------------
[debug] 
[debug] [2021-06-25T15:27:27.150Z] > command requires scopes: ["email","openid","https://www.googleapis.com/auth/cloudplatformprojects.readonly","https://www.googleapis.com/auth/firebase","https://www.googleapis.com/auth/cloud-platform"]
[debug] [2021-06-25T15:27:27.150Z] > authorizing via signed-in user (gassantos.dev@gmail.com)
[info] 
     ######## #### ########  ######## ########     ###     ######  ########
     ##        ##  ##     ## ##       ##     ##  ##   ##  ##       ##
     ######    ##  ########  ######   ########  #########  ######  ######
     ##        ##  ##    ##  ##       ##     ## ##     ##       ## ##
     ##       #### ##     ## ######## ########  ##     ##  ######  ########

You're about to initialize a Firebase project in this directory:

  /home/gleydson/developer/nlw/06/react/letmeask

Before we get started, keep in mind:

  * You are initializing within an existing Firebase project directory

[info] 
=== Project Setup
[info] 
[info] First, let's associate this project directory with a Firebase project.
[info] You can create multiple project aliases by running firebase use --add, 
[info] but for now we'll just set up a default project.
[info] 
[info] i  .firebaserc already has a default project, using letmeask-9c5ff. 
[debug] [2021-06-25T15:27:30.506Z] > refreshing access token with scopes: []
[debug] [2021-06-25T15:27:30.507Z] >>> HTTP REQUEST POST https://www.googleapis.com/oauth2/v3/token  
 <request body omitted>
[debug] [2021-06-25T15:27:30.829Z] <<< HTTP RESPONSE 200 {"cache-control":"no-cache, no-store, max-age=0, must-revalidate","date":"Fri, 25 Jun 2021 15:27:29 GMT","pragma":"no-cache","expires":"Mon, 01 Jan 1990 00:00:00 GMT","content-type":"application/json; charset=utf-8","vary":"X-Origin, Referer, Origin,Accept-Encoding","server":"scaffolding on HTTPServer2","x-xss-protection":"0","x-frame-options":"SAMEORIGIN","x-content-type-options":"nosniff","alt-svc":"h3=\":443\"; ma=2592000,h3-29=\":443\"; ma=2592000,h3-T051=\":443\"; ma=2592000,h3-Q050=\":443\"; ma=2592000,h3-Q046=\":443\"; ma=2592000,h3-Q043=\":443\"; ma=2592000,quic=\":443\"; ma=2592000; v=\"46,43\"","accept-ranges":"none","transfer-encoding":"chunked"}
[debug] [2021-06-25T15:27:30.843Z] >>> [apiv2][query] GET https://firebase.googleapis.com/v1beta1/projects/letmeask-9c5ff [none]
[debug] [2021-06-25T15:27:32.102Z] <<< [apiv2][status] GET https://firebase.googleapis.com/v1beta1/projects/letmeask-9c5ff 200
[debug] [2021-06-25T15:27:32.102Z] <<< [apiv2][body] GET https://firebase.googleapis.com/v1beta1/projects/letmeask-9c5ff {"projectId":"letmeask-9c5ff","projectNumber":"16037824048","displayName":"letmeask","name":"projects/letmeask-9c5ff","resources":{"hostingSite":"letmeask-9c5ff","realtimeDatabaseInstance":"letmeask-9c5ff-default-rtdb"},"state":"ACTIVE"}
[info] 
=== Database Setup
[info] i  database: ensuring required API firebasedatabase.googleapis.com is enabled... 
[debug] [2021-06-25T15:27:32.103Z] > refreshing access token with scopes: ["email","https://www.googleapis.com/auth/cloud-platform","https://www.googleapis.com/auth/cloudplatformprojects.readonly","https://www.googleapis.com/auth/firebase","openid"]
[debug] [2021-06-25T15:27:32.103Z] >>> HTTP REQUEST POST https://www.googleapis.com/oauth2/v3/token  
 <request body omitted>
[debug] [2021-06-25T15:27:32.444Z] <<< HTTP RESPONSE 200 {"pragma":"no-cache","cache-control":"no-cache, no-store, max-age=0, must-revalidate","date":"Fri, 25 Jun 2021 15:27:30 GMT","expires":"Mon, 01 Jan 1990 00:00:00 GMT","content-type":"application/json; charset=utf-8","vary":"X-Origin, Referer, Origin,Accept-Encoding","server":"scaffolding on HTTPServer2","x-xss-protection":"0","x-frame-options":"SAMEORIGIN","x-content-type-options":"nosniff","alt-svc":"h3=\":443\"; ma=2592000,h3-29=\":443\"; ma=2592000,h3-T051=\":443\"; ma=2592000,h3-Q050=\":443\"; ma=2592000,h3-Q046=\":443\"; ma=2592000,h3-Q043=\":443\"; ma=2592000,quic=\":443\"; ma=2592000; v=\"46,43\"","accept-ranges":"none","transfer-encoding":"chunked"}
[debug] [2021-06-25T15:27:32.458Z] >>> HTTP REQUEST GET https://serviceusage.googleapis.com/v1/projects/letmeask-9c5ff/services/firebasedatabase.googleapis.com  
 
[debug] [2021-06-25T15:27:33.728Z] <<< HTTP RESPONSE 200 {"content-type":"application/json; charset=UTF-8","vary":"X-Origin, Referer, Origin,Accept-Encoding","date":"Fri, 25 Jun 2021 15:27:32 GMT","server":"ESF","cache-control":"private","x-xss-protection":"0","x-frame-options":"SAMEORIGIN","x-content-type-options":"nosniff","alt-svc":"h3=\":443\"; ma=2592000,h3-29=\":443\"; ma=2592000,h3-T051=\":443\"; ma=2592000,h3-Q050=\":443\"; ma=2592000,h3-Q046=\":443\"; ma=2592000,h3-Q043=\":443\"; ma=2592000,quic=\":443\"; ma=2592000; v=\"46,43\"","accept-ranges":"none","transfer-encoding":"chunked"}
[info] ✔  database: required API firebasedatabase.googleapis.com is enabled 
[info] 
[debug] [2021-06-25T15:27:33.729Z] > refreshing access token with scopes: []
[debug] [2021-06-25T15:27:33.729Z] >>> HTTP REQUEST POST https://www.googleapis.com/oauth2/v3/token  
 <request body omitted>
[debug] [2021-06-25T15:27:34.079Z] <<< HTTP RESPONSE 200 {"cache-control":"no-cache, no-store, max-age=0, must-revalidate","date":"Fri, 25 Jun 2021 15:27:32 GMT","expires":"Mon, 01 Jan 1990 00:00:00 GMT","pragma":"no-cache","content-type":"application/json; charset=utf-8","vary":"X-Origin, Referer, Origin,Accept-Encoding","server":"scaffolding on HTTPServer2","x-xss-protection":"0","x-frame-options":"SAMEORIGIN","x-content-type-options":"nosniff","alt-svc":"h3=\":443\"; ma=2592000,h3-29=\":443\"; ma=2592000,h3-T051=\":443\"; ma=2592000,h3-Q050=\":443\"; ma=2592000,h3-Q046=\":443\"; ma=2592000,h3-Q043=\":443\"; ma=2592000,quic=\":443\"; ma=2592000; v=\"46,43\"","accept-ranges":"none","transfer-encoding":"chunked"}
[debug] [2021-06-25T15:27:34.092Z] >>> [apiv2][query] GET https://firebase.googleapis.com/v1beta1/projects/letmeask-9c5ff [none]
[debug] [2021-06-25T15:27:35.329Z] <<< [apiv2][status] GET https://firebase.googleapis.com/v1beta1/projects/letmeask-9c5ff 200
[debug] [2021-06-25T15:27:35.329Z] <<< [apiv2][body] GET https://firebase.googleapis.com/v1beta1/projects/letmeask-9c5ff {"projectId":"letmeask-9c5ff","projectNumber":"16037824048","displayName":"letmeask","name":"projects/letmeask-9c5ff","resources":{"hostingSite":"letmeask-9c5ff","realtimeDatabaseInstance":"letmeask-9c5ff-default-rtdb"},"state":"ACTIVE"}
[debug] [2021-06-25T15:27:35.329Z] > refreshing access token with scopes: ["email","https://www.googleapis.com/auth/cloud-platform","https://www.googleapis.com/auth/cloudplatformprojects.readonly","https://www.googleapis.com/auth/firebase","openid"]
[debug] [2021-06-25T15:27:35.329Z] >>> HTTP REQUEST POST https://www.googleapis.com/oauth2/v3/token  
 <request body omitted>
[debug] [2021-06-25T15:27:35.644Z] <<< HTTP RESPONSE 200 {"date":"Fri, 25 Jun 2021 15:27:34 GMT","pragma":"no-cache","cache-control":"no-cache, no-store, max-age=0, must-revalidate","expires":"Mon, 01 Jan 1990 00:00:00 GMT","content-type":"application/json; charset=utf-8","vary":"X-Origin, Referer, Origin,Accept-Encoding","server":"scaffolding on HTTPServer2","x-xss-protection":"0","x-frame-options":"SAMEORIGIN","x-content-type-options":"nosniff","alt-svc":"h3=\":443\"; ma=2592000,h3-29=\":443\"; ma=2592000,h3-T051=\":443\"; ma=2592000,h3-Q050=\":443\"; ma=2592000,h3-Q046=\":443\"; ma=2592000,h3-Q043=\":443\"; ma=2592000,quic=\":443\"; ma=2592000; v=\"46,43\"","accept-ranges":"none","transfer-encoding":"chunked"}
[debug] [2021-06-25T15:27:35.656Z] >>> HTTP REQUEST GET https://firebasedatabase.googleapis.com/v1beta/projects/letmeask-9c5ff/locations/-/instances/letmeask-9c5ff-default-rtdb  
 
[debug] [2021-06-25T15:27:37.161Z] <<< HTTP RESPONSE 200 {"content-type":"application/json; charset=UTF-8","vary":"X-Origin, Referer, Origin,Accept-Encoding","date":"Fri, 25 Jun 2021 15:27:35 GMT","server":"ESF","cache-control":"private","x-xss-protection":"0","x-frame-options":"SAMEORIGIN","x-content-type-options":"nosniff","alt-svc":"h3=\":443\"; ma=2592000,h3-29=\":443\"; ma=2592000,h3-T051=\":443\"; ma=2592000,h3-Q050=\":443\"; ma=2592000,h3-Q046=\":443\"; ma=2592000,h3-Q043=\":443\"; ma=2592000,quic=\":443\"; ma=2592000; v=\"46,43\"","accept-ranges":"none","transfer-encoding":"chunked"}
[info] 
[info] Firebase Realtime Database Security Rules allow you to define how your data should be
[info] structured and when your data can be read from and written to.
[info] 
[debug] [2021-06-25T15:28:05.531Z] >>> HTTP REQUEST GET https://letmeask-9c5ff-default-rtdb.firebaseio.com/.settings/rules.json  
 
[debug] [2021-06-25T15:28:06.421Z] <<< HTTP RESPONSE 200 {"server":"nginx","date":"Fri, 25 Jun 2021 15:28:04 GMT","content-type":"application/json; charset=utf-8","content-length":"569","connection":"keep-alive","access-control-allow-origin":"*","cache-control":"no-cache","strict-transport-security":"max-age=31556926; includeSubDomains; preload"}
[info] ✔  Database Rules for letmeask-9c5ff-default-rtdb have been written to database.rules.json. 
[info] Future modifications to database.rules.json will update Realtime Database Security Rules when you run
[info] firebase deploy.
[info] 
=== Hosting Setup
[info] 
[info] Your public directory is the folder (relative to your project directory) that
[info] will contain Hosting assets to be uploaded with firebase deploy. If you
[info] have a build process for your assets, use your build's output directory.
[info] 
[debug] [2021-06-25T15:28:16.484Z] >>> [apiv2][query] GET https://www.gstatic.com/firebasejs/releases.json [none]
[debug] [2021-06-25T15:28:16.798Z] <<< [apiv2][status] GET https://www.gstatic.com/firebasejs/releases.json 200
[debug] [2021-06-25T15:28:16.798Z] <<< [apiv2][body] GET https://www.gstatic.com/firebasejs/releases.json {"current":{"version":"8.6.8","browserURL":"https://www.gstatic.com/firebasejs/8.6.8/firebase.js","packageURL":"https://www.gstatic.com/firebasejs/8.6.8/firebase.tgz"},"live":{"version":"8.6","browserURL":"https://www.gstatic.com/firebasejs/live/8.6/firebase.js","packageURL":"https://www.gstatic.com/firebasejs/live/8.6/firebase.tgz"},"components":{"analytics":"https://www.gstatic.com/firebasejs/8.6.8/firebase-analytics.js","app":"https://www.gstatic.com/firebasejs/8.6.8/firebase-app.js","app-check":"https://www.gstatic.com/firebasejs/8.6.8/firebase-app-check.js","auth":"https://www.gstatic.com/firebasejs/8.6.8/firebase-auth.js","database":"https://www.gstatic.com/firebasejs/8.6.8/firebase-database.js","firestore":"https://www.gstatic.com/firebasejs/8.6.8/firebase-firestore.js","functions":"https://www.gstatic.com/firebasejs/8.6.8/firebase-functions.js","installations":"https://www.gstatic.com/firebasejs/8.6.8/firebase-installations.js","messaging":"https://www.gstatic.com/firebasejs/8.6.8/firebase-messaging.js","storage":"https://www.gstatic.com/firebasejs/8.6.8/firebase-storage.js","performance":"https://www.gstatic.com/firebasejs/8.6.8/firebase-performance.js","remote-config":"https://www.gstatic.com/firebasejs/8.6.8/firebase-remote-config.js","firestore.memory":"https://www.gstatic.com/firebasejs/8.6.8/firebase-firestore.memory.js"}}
[info] ✔  Wrote build/index.html 
[info] 
[info] i  Detected a .git folder at /home/gleydson/developer/nlw/06/react/letmeask 
[info] i  Authorizing with GitHub to upload your service account to a GitHub repository's secrets store. 
[info] 
[info] Visit this URL on this device to log in:
[info] https://github.com/login/oauth/authorize?client_id=89cf50f02ac6aaed3484&state=540760169&redirect_uri=http%3A%2F%2Flocalhost%3A9005&scope=read%3Auser%20repo%20public_repo
[info] 
[info] Waiting for authentication...
[debug] [2021-06-25T15:28:29.705Z] >>> HTTP REQUEST POST https://github.com/login/oauth/access_token  
 {"client_id":"89cf50f02ac6aaed3484","client_secret":"3330d14abc895d9a74d5f17cd7a00711fa2c5bf0","code":"139718bf4c967371bcf8","redirect_uri":"http://localhost:9005","state":"540760169"}
[debug] [2021-06-25T15:28:30.263Z] <<< HTTP RESPONSE 200 {"server":"GitHub.com","date":"Fri, 25 Jun 2021 15:28:28 GMT","content-type":"application/json; charset=utf-8","transfer-encoding":"chunked","vary":"X-PJAX, Accept-Encoding, Accept, X-Requested-With","permissions-policy":"interest-cohort=()","etag":"W/\"fe3c9b2483087ea453b4bb4a63ac8601\"","cache-control":"max-age=0, private, must-revalidate","strict-transport-security":"max-age=31536000; includeSubdomains; preload","x-frame-options":"deny","x-content-type-options":"nosniff","x-xss-protection":"0","referrer-policy":"origin-when-cross-origin, strict-origin-when-cross-origin","expect-ct":"max-age=2592000, report-uri=\"https://api.github.com/_private/browser/errors\"","content-security-policy":"default-src 'none'; base-uri 'self'; block-all-mixed-content; connect-src 'self' uploads.github.com www.githubstatus.com collector.githubapp.com api.github.com github-cloud.s3.amazonaws.com github-production-repository-file-5c1aeb.s3.amazonaws.com github-production-upload-manifest-file-7fdce7.s3.amazonaws.com github-production-user-asset-6210df.s3.amazonaws.com cdn.optimizely.com logx.optimizely.com/v1/events translator.github.com wss://alive.github.com; font-src github.githubassets.com; form-action 'self' github.com gist.github.com; frame-ancestors 'none'; frame-src render.githubusercontent.com render-temp.githubusercontent.com viewscreen.githubusercontent.com; img-src 'self' data: github.githubassets.com identicons.github.com collector.githubapp.com github-cloud.s3.amazonaws.com secured-user-images.githubusercontent.com/ *.githubusercontent.com; manifest-src 'self'; media-src 'none'; script-src github.githubassets.com; style-src 'unsafe-inline' github.githubassets.com; worker-src github.com/socket-worker-3f088aa2.js gist.github.com/socket-worker-3f088aa2.js","x-github-request-id":"D6BA:591E:4C60DDB:6334F93:60D5F61C"}
[debug] [2021-06-25T15:28:30.272Z] >>> [apiv2][query] GET https://api.github.com/user [none]
[debug] [2021-06-25T15:28:30.927Z] <<< [apiv2][status] GET https://api.github.com/user 200
[debug] [2021-06-25T15:28:30.927Z] <<< [apiv2][body] GET https://api.github.com/user {"login":"Gleydson07","id":17955465,"node_id":"MDQ6VXNlcjE3OTU1NDY1","avatar_url":"https://avatars.githubusercontent.com/u/17955465?v=4","gravatar_id":"","url":"https://api.github.com/users/Gleydson07","html_url":"https://github.com/Gleydson07","followers_url":"https://api.github.com/users/Gleydson07/followers","following_url":"https://api.github.com/users/Gleydson07/following{/other_user}","gists_url":"https://api.github.com/users/Gleydson07/gists{/gist_id}","starred_url":"https://api.github.com/users/Gleydson07/starred{/owner}{/repo}","subscriptions_url":"https://api.github.com/users/Gleydson07/subscriptions","organizations_url":"https://api.github.com/users/Gleydson07/orgs","repos_url":"https://api.github.com/users/Gleydson07/repos","events_url":"https://api.github.com/users/Gleydson07/events{/privacy}","received_events_url":"https://api.github.com/users/Gleydson07/received_events","type":"User","site_admin":false,"name":"Gleydson Albuquerque","company":null,"blog":"https://www.linkedin.com/in/gleydson07/","location":"Viçosa, Alagoas - BRASIL","email":"gassantos.dev@gmail.com","hireable":null,"bio":"Formado em SI em 2018. Tenho como motivação diária a busca por conhecimento e evolução, permitindo chegar ao próximo nível do aprendizado constante.","twitter_username":null,"public_repos":19,"public_gists":0,"followers":15,"following":10,"created_at":"2016-03-19T22:21:31Z","updated_at":"2021-06-25T15:28:28Z","private_gists":0,"total_private_repos":3,"owned_private_repos":3,"disk_usage":27106,"collaborators":0,"two_factor_authentication":false,"plan":{"name":"free","space":976562499,"collaborators":0,"private_repos":10000}}
[info] 
[info] ✔  Success! Logged into GitHub as Gleydson07 
[info] 
[debug] [2021-06-25T15:28:43.421Z] >>> [apiv2][query] GET https://api.github.com/repos//actions/secrets/public-key type=owner
[debug] [2021-06-25T15:28:43.951Z] <<< [apiv2][status] GET https://api.github.com/repos//actions/secrets/public-key 404
[debug] [2021-06-25T15:28:43.951Z] <<< [apiv2][body] GET https://api.github.com/repos//actions/secrets/public-key {"message":"Not Found","documentation_url":"https://docs.github.com/rest"}
[debug] [2021-06-25T15:29:28.944Z] >>> [apiv2][query] GET https://api.github.com/repos/https://github.com/Gleydson07/letmeask/actions/secrets/public-key type=owner
[debug] [2021-06-25T15:29:29.583Z] <<< [apiv2][status] GET https://api.github.com/repos/https://github.com/Gleydson07/letmeask/actions/secrets/public-key 404
[debug] [2021-06-25T15:29:29.584Z] <<< [apiv2][body] GET https://api.github.com/repos/https://github.com/Gleydson07/letmeask/actions/secrets/public-key {"message":"Not Found","documentation_url":"https://docs.github.com/rest"}
[debug] [2021-06-25T15:29:42.393Z] >>> [apiv2][query] GET https://api.github.com/repos/https://github.com/Gleydson07/letmeask/actions/secrets/public-key type=owner
[debug] [2021-06-25T15:29:42.805Z] <<< [apiv2][status] GET https://api.github.com/repos/https://github.com/Gleydson07/letmeask/actions/secrets/public-key 404
[debug] [2021-06-25T15:29:42.805Z] <<< [apiv2][body] GET https://api.github.com/repos/https://github.com/Gleydson07/letmeask/actions/secrets/public-key {"message":"Not Found","documentation_url":"https://docs.github.com/rest"}
[debug] [2021-06-25T15:31:36.093Z] >>> [apiv2][query] GET https://api.github.com/repos/main/actions/secrets/public-key type=owner
[debug] [2021-06-25T15:31:36.636Z] <<< [apiv2][status] GET https://api.github.com/repos/main/actions/secrets/public-key 404
[debug] [2021-06-25T15:31:36.637Z] <<< [apiv2][body] GET https://api.github.com/repos/main/actions/secrets/public-key {"message":"Not Found","documentation_url":"https://docs.github.com/rest"}
